#
# A fatal error has been detected by the Java Runtime Environment:
#
#  Internal Error (safepoint.cpp:691), pid=10712, tid=8256
#  fatal error: Deadlock in safepoint code.  Should have called back to the VM before blocking.
#
# JRE version: Java(TM) SE Runtime Environment (8.0_31-b13) (build 1.8.0_31-b13)
# Java VM: Java HotSpot(TM) 64-Bit Server VM (25.31-b07 mixed mode windows-amd64 compressed oops)
# Failed to write core dump. Minidumps are not enabled by default on client versions of Windows
#
# If you would like to submit a bug report, please visit:
#   http://bugreport.java.com/bugreport/crash.jsp
#

---------------  T H R E A D  ---------------

Current thread (0x0000026669317000):  JavaThread "Thread-1" [_thread_in_native_trans, id=8256, stack(0x000000cb34cc0000,0x000000cb350c0000)]

Stack: [0x000000cb34cc0000,0x000000cb350c0000]
Native frames: (J=compiled Java code, j=interpreted, Vv=VM code, C=native code)
C  0x00000000581569ba


---------------  P R O C E S S  ---------------

Java Threads: ( => current thread )
=>0x0000026669317000 JavaThread "Thread-1" [_thread_in_native_trans, id=8256, stack(0x000000cb34cc0000,0x000000cb350c0000)]
  0x000002667c300000 JavaThread "Service Thread" daemon [_thread_blocked, id=5392, stack(0x000000cb05400000,0x000000cb05800000)]
  0x000002667b38f800 JavaThread "C1 CompilerThread2" daemon [_thread_blocked, id=6480, stack(0x000000cb05000000,0x000000cb05400000)]
  0x000002667b38d000 JavaThread "C2 CompilerThread1" daemon [_thread_blocked, id=1000, stack(0x000000cb04c00000,0x000000cb05000000)]
  0x000002667b39c000 JavaThread "C2 CompilerThread0" daemon [_thread_blocked, id=1496, stack(0x000000cb04800000,0x000000cb04c00000)]
  0x000002667b39b000 JavaThread "Attach Listener" daemon [_thread_blocked, id=10188, stack(0x000000cb04400000,0x000000cb04800000)]
  0x000002667b399800 JavaThread "Signal Dispatcher" daemon [_thread_blocked, id=10740, stack(0x000000cb04000000,0x000000cb04400000)]
  0x000002667b34b800 JavaThread "Finalizer" daemon [_thread_blocked, id=7312, stack(0x000000cb03c00000,0x000000cb04000000)]
  0x000002666940c800 JavaThread "Reference Handler" daemon [_thread_blocked, id=5632, stack(0x000000cb03800000,0x000000cb03c00000)]

Other Threads:
  0x000002667b347800 VMThread [stack: 0x000000cb03400000,0x000000cb03800000] [id=5152]
  0x000002667b3dd800 WatcherThread [stack: 0x000000cb05800000,0x000000cb05c00000] [id=1676]

VM state:synchronizing (normal execution)

VM Mutex/Monitor currently owned by a thread:  ([mutex/lock_event])
[0x0000026669315870] Threads_lock - owner thread: 0x000002667b347800

Heap:
 PSYoungGen      total 24064K, used 16183K [0x00000000fe580000, 0x0000000100000000, 0x0000000100000000)
  eden space 20992K, 77% used [0x00000000fe580000,0x00000000ff54dc48,0x00000000ffa00000)
  from space 3072K, 0% used [0x00000000ffd00000,0x00000000ffd00000,0x0000000100000000)
  to   space 3072K, 0% used [0x00000000ffa00000,0x00000000ffa00000,0x00000000ffd00000)
 ParOldGen       total 54784K, used 0K [0x00000000fb000000, 0x00000000fe580000, 0x00000000fe580000)
  object space 54784K, 0% used [0x00000000fb000000,0x00000000fb000000,0x00000000fe580000)
 Metaspace       used 5092K, capacity 6348K, committed 6656K, reserved 1056768K
  class space    used 605K, capacity 648K, committed 768K, reserved 1048576K

Card table byte_map: [0x00000266719d0000,0x0000026671a00000] byte_map_base: 0x00000266711f8000

Marking Bits: (ParMarkBitMap*) 0x000000005861d4f0
 Begin Bits: [0x000002667a760000, 0x000002667a8a0000)
 End Bits:   [0x000002667a8a0000, 0x000002667a9e0000)

Polling page: 0x00000266719a0000

CodeCache: size=245760Kb used=1570Kb max_used=1579Kb free=244189Kb
 bounds [0x0000026618000000, 0x0000026618270000, 0x0000026627000000]
 total_blobs=517 nmethods=261 adapters=170
 compilation: enabled

Compilation events (10 events):
Event: 0.574 Thread 0x000002667b38f800  256  s!   3       java.net.URLStreamHandler::getHostAddress (54 bytes)
Event: 0.575 Thread 0x000002667b38f800 nmethod 256 0x0000026618182b90 code [0x0000026618182d20, 0x0000026618183400]
Event: 0.584 Thread 0x000002667b38d000  257 %     4       java.lang.String::replace @ 78 (127 bytes)
Event: 0.585 Thread 0x000002667b38f800  258  s    3       java.lang.StringBuffer::toString (36 bytes)
Event: 0.585 Thread 0x000002667b38f800 nmethod 258 0x0000026618187950 code [0x0000026618187ae0, 0x0000026618187f90]
Event: 0.587 Thread 0x000002667b38d000 nmethod 257% 0x000002661818b090 code [0x000002661818b1e0, 0x000002661818b558]
Event: 0.590 Thread 0x000002667b38f800  259       3       java.lang.StringBuffer::<init> (6 bytes)
Event: 0.590 Thread 0x000002667b38f800 nmethod 259 0x0000026618182610 code [0x0000026618182780, 0x0000026618182a38]
Event: 0.600 Thread 0x000002667b38f800  261       3       java.lang.Number::<init> (5 bytes)
Event: 0.600 Thread 0x000002667b38f800 nmethod 261 0x000002661818a8d0 code [0x000002661818aa20, 0x000002661818abd8]

GC Heap History (0 events):
No events

Deoptimization events (0 events):
No events

Internal exceptions (10 events):
Event: 0.603 Thread 0x0000026669317000 Exception <a 'java/io/IOException': No Device Found (A).> (0x00000000ff4b9d18) thrown at [C:\workspace\8-2-build-windows-amd64-cygwin\jdk8u31\2394\hotspot\src\share\vm\prims\jni.cpp, line 742]
Event: 0.603 Thread 0x0000026669317000 Exception <a 'java/io/IOException': No Device Found (A).> (0x00000000ff4ba130) thrown at [C:\workspace\8-2-build-windows-amd64-cygwin\jdk8u31\2394\hotspot\src\share\vm\prims\jni.cpp, line 742]
Event: 0.603 Thread 0x0000026669317000 Exception <a 'java/io/IOException': No Device Found (A).> (0x00000000ff4ba548) thrown at [C:\workspace\8-2-build-windows-amd64-cygwin\jdk8u31\2394\hotspot\src\share\vm\prims\jni.cpp, line 742]
Event: 0.603 Thread 0x0000026669317000 Exception <a 'java/io/IOException': No Device Found (A).> (0x00000000ff4ba960) thrown at [C:\workspace\8-2-build-windows-amd64-cygwin\jdk8u31\2394\hotspot\src\share\vm\prims\jni.cpp, line 742]
Event: 0.603 Thread 0x0000026669317000 Exception <a 'java/io/IOException': No Device Found (A).> (0x00000000ff4bad78) thrown at [C:\workspace\8-2-build-windows-amd64-cygwin\jdk8u31\2394\hotspot\src\share\vm\prims\jni.cpp, line 742]
Event: 0.603 Thread 0x0000026669317000 Exception <a 'java/io/IOException': No Device Found (A).> (0x00000000ff4bb190) thrown at [C:\workspace\8-2-build-windows-amd64-cygwin\jdk8u31\2394\hotspot\src\share\vm\prims\jni.cpp, line 742]
Event: 0.603 Thread 0x0000026669317000 Exception <a 'java/io/IOException': No Device Found (A).> (0x00000000ff4bb5a8) thrown at [C:\workspace\8-2-build-windows-amd64-cygwin\jdk8u31\2394\hotspot\src\share\vm\prims\jni.cpp, line 742]
Event: 0.603 Thread 0x0000026669317000 Exception <a 'java/io/IOException': No Device Found (A).> (0x00000000ff4bb9c0) thrown at [C:\workspace\8-2-build-windows-amd64-cygwin\jdk8u31\2394\hotspot\src\share\vm\prims\jni.cpp, line 742]
Event: 0.604 Thread 0x0000026669317000 Exception <a 'java/io/IOException': No Device Found (A).> (0x00000000ff4bbdd8) thrown at [C:\workspace\8-2-build-windows-amd64-cygwin\jdk8u31\2394\hotspot\src\share\vm\prims\jni.cpp, line 742]
Event: 0.604 Thread 0x0000026669317000 Exception <a 'java/io/IOException': No Device Found (A).> (0x00000000ff4bc1f0) thrown at [C:\workspace\8-2-build-windows-amd64-cygwin\jdk8u31\2394\hotspot\src\share\vm\prims\jni.cpp, line 742]

Events (10 events):
Event: 0.585 loading class com/oceanoptics/omnidriver/spectrometer/usb4000/USB4000Status
Event: 0.585 loading class com/oceanoptics/omnidriver/spectrometer/usb4000/USB4000Status done
Event: 0.590 loading class com/oceanoptics/omnidriver/spectrometer/maya2000/Maya2000
Event: 0.590 loading class com/oceanoptics/omnidriver/spectrometer/maya2000/Maya2000 done
Event: 0.595 loading class com/oceanoptics/omnidriver/spectrometer/mayapro2000/MayaPro2000
Event: 0.595 loading class com/oceanoptics/omnidriver/spectrometer/mayapro2000/MayaPro2000 done
Event: 0.600 loading class com/oceanoptics/omnidriver/spectrometer/nirquest/nirquest256/NIRQuest256
Event: 0.600 loading class com/oceanoptics/omnidriver/spectrometer/nirquest/nirquest256/NIRQuest256 done
Event: 0.604 Thread 0x0000026669317000 Thread exited: 0x0000026669317000
Event: 0.604 Thread 0x0000026669317000 Thread added: 0x0000026669317000


Dynamic libraries:
0x00007ff6b2980000 - 0x00007ff6b6c26000 	C:\Program Files\National Instruments\LabVIEW 2018\LabVIEW.exe
0x00007ff9acc60000 - 0x00007ff9ace41000 	C:\WINDOWS\SYSTEM32\ntdll.dll
0x00007ff9aa510000 - 0x00007ff9aa5c2000 	C:\WINDOWS\System32\KERNEL32.DLL
0x00007ff9a9b00000 - 0x00007ff9a9d73000 	C:\WINDOWS\System32\KERNELBASE.dll
0x00007ff9abd70000 - 0x00007ff9abe11000 	C:\WINDOWS\System32\ADVAPI32.dll
0x00007ff9ac3b0000 - 0x00007ff9ac44e000 	C:\WINDOWS\System32\msvcrt.dll
0x00007ff99e800000 - 0x00007ff99e88b000 	C:\WINDOWS\SYSTEM32\nierInterface.dll
0x00007ff9a0280000 - 0x00007ff9a0289000 	C:\WINDOWS\SYSTEM32\WSOCK32.dll
0x00007ff9ac330000 - 0x00007ff9ac38b000 	C:\WINDOWS\System32\sechost.dll
0x00007ff9ac930000 - 0x00007ff9ac99c000 	C:\WINDOWS\System32\WS2_32.dll
0x00007ff9aa280000 - 0x00007ff9aa3a4000 	C:\WINDOWS\System32\RPCRT4.dll
0x00007ff9aa930000 - 0x00007ff9abd6f000 	C:\WINDOWS\System32\SHELL32.dll
0x00007ff9a9030000 - 0x00007ff9a9079000 	C:\WINDOWS\System32\cfgmgr32.dll
0x00007ff9aa3b0000 - 0x00007ff9aa501000 	C:\WINDOWS\System32\ole32.dll
0x00007ff9a9ff0000 - 0x00007ff9aa0ea000 	C:\WINDOWS\System32\ucrtbase.dll
0x00007ff9aa600000 - 0x00007ff9aa923000 	C:\WINDOWS\System32\combase.dll
0x00007ff9a9080000 - 0x00007ff9a90fa000 	C:\WINDOWS\System32\bcryptPrimitives.dll
0x00007ff9abe30000 - 0x00007ff9abed9000 	C:\WINDOWS\System32\shcore.dll
0x00007ff9ac4b0000 - 0x00007ff9ac4d8000 	C:\WINDOWS\System32\GDI32.dll
0x00007ff9a91a0000 - 0x00007ff9a98ad000 	C:\WINDOWS\System32\windows.storage.dll
0x00007ff9a98b0000 - 0x00007ff9a9a42000 	C:\WINDOWS\System32\gdi32full.dll
0x00007ff9ac2c0000 - 0x00007ff9ac311000 	C:\WINDOWS\System32\shlwapi.dll
0x00007ff9a9100000 - 0x00007ff9a919f000 	C:\WINDOWS\System32\msvcp_win.dll
0x00007ff9abee0000 - 0x00007ff9ac070000 	C:\WINDOWS\System32\USER32.dll
0x00007ff9a9fd0000 - 0x00007ff9a9ff0000 	C:\WINDOWS\System32\win32u.dll
0x00007ff9a9010000 - 0x00007ff9a9021000 	C:\WINDOWS\System32\kernel.appcore.dll
0x00007ff9a8ff0000 - 0x00007ff9a900f000 	C:\WINDOWS\System32\profapi.dll
0x00007ff9a8f80000 - 0x00007ff9a8fcc000 	C:\WINDOWS\System32\powrprof.dll
0x00007ff9a8f70000 - 0x00007ff9a8f7a000 	C:\WINDOWS\System32\FLTLIB.DLL
0x00007ff9ac070000 - 0x00007ff9ac132000 	C:\WINDOWS\System32\OLEAUT32.dll
0x00007ff9aa190000 - 0x00007ff9aa27d000 	C:\WINDOWS\System32\COMDLG32.dll
0x00007ff9aa5d0000 - 0x00007ff9aa5fd000 	C:\WINDOWS\System32\IMM32.dll
0x00007ff9a0a10000 - 0x00007ff9a0a33000 	C:\WINDOWS\SYSTEM32\WINMM.dll
0x00007ff9916e0000 - 0x00007ff991949000 	C:\WINDOWS\WinSxS\amd64_microsoft.windows.common-controls_6595b64144ccf1df_6.0.17134.345_none_fb429a5930656358\COMCTL32.dll
0x00007ff9a4260000 - 0x00007ff9a42e5000 	C:\WINDOWS\SYSTEM32\WINSPOOL.DRV
0x00007ff9a01a0000 - 0x00007ff9a01aa000 	C:\WINDOWS\SYSTEM32\VERSION.dll
0x00007ff9a01c0000 - 0x00007ff9a025d000 	C:\WINDOWS\SYSTEM32\MSVCP140.dll
0x00007ff9a0260000 - 0x00007ff9a0277000 	C:\WINDOWS\SYSTEM32\VCRUNTIME140.dll
0x00007ff9a8510000 - 0x00007ff9a8548000 	C:\WINDOWS\SYSTEM32\IPHLPAPI.DLL
0x00007ff9a09e0000 - 0x00007ff9a0a0a000 	C:\WINDOWS\SYSTEM32\winmmbase.dll
0x00007ff98c1f0000 - 0x00007ff98c38a000 	C:\WINDOWS\WinSxS\amd64_microsoft.windows.gdiplus_6595b64144ccf1df_1.1.17134.345_none_2c2d8d3e8af7dd26\gdiplus.dll
0x00007ff9a52d0000 - 0x00007ff9a5484000 	C:\WINDOWS\SYSTEM32\PROPSYS.dll
0x00007ff9a8a70000 - 0x00007ff9a8a95000 	C:\WINDOWS\SYSTEM32\bcrypt.dll
0x00007ff99bae0000 - 0x00007ff99bbd2000 	C:\Program Files\National Instruments\LabVIEW 2018\resource\mgcore_SH_18_0.dll
0x00007ff9a4850000 - 0x00007ff9a487b000 	C:\Program Files\National Instruments\LabVIEW 2018\resource\niCPULib.dll
0x00007ff99b900000 - 0x00007ff99bade000 	C:\Program Files\National Instruments\LabVIEW 2018\resource\tdcore_18_0.dll
0x00007ff980b10000 - 0x00007ff980f02000 	C:\Program Files\National Instruments\LabVIEW 2018\resource\dfir_18_0.dll
0x00007ff9a7630000 - 0x00007ff9a76c8000 	C:\WINDOWS\system32\uxtheme.dll
0x00007ff9ac140000 - 0x00007ff9ac2b4000 	C:\WINDOWS\System32\MSCTF.dll
0x00007ff9aa0f0000 - 0x00007ff9aa190000 	C:\WINDOWS\System32\clbcatq.dll
0x00007ff98b540000 - 0x00007ff98b9d5000 	C:\WINDOWS\system32\explorerframe.dll
0x00007ff9a7700000 - 0x00007ff9a7729000 	C:\WINDOWS\system32\dwmapi.dll
0x00007ff9a8ea0000 - 0x00007ff9a8ed0000 	C:\WINDOWS\SYSTEM32\SspiCli.dll
0x00007ff97f150000 - 0x00007ff97f230000 	C:\Program Files (x86)\National Instruments\Shared\License Manager\NationalInstruments.LicenseManagement.Interop64.dll
0x00007ff9a3c20000 - 0x00007ff9a3c84000 	C:\WINDOWS\SYSTEM32\mscoree.dll
0x00007ff9a3a70000 - 0x00007ff9a3b0c000 	C:\Windows\Microsoft.NET\Framework64\v4.0.30319\mscoreei.dll
0x00007ff9a8940000 - 0x00007ff9a8957000 	C:\WINDOWS\SYSTEM32\CRYPTSP.dll
0x00007ff9a8370000 - 0x00007ff9a83a3000 	C:\WINDOWS\system32\rsaenh.dll
0x00007ff9a8960000 - 0x00007ff9a896b000 	C:\WINDOWS\SYSTEM32\CRYPTBASE.dll
0x00007ff98f940000 - 0x00007ff99032d000 	C:\Windows\Microsoft.NET\Framework64\v4.0.30319\clr.dll
0x00007ff98f7f0000 - 0x00007ff98f8e7000 	C:\WINDOWS\SYSTEM32\MSVCR120_CLR0400.dll
0x00007ff98e0a0000 - 0x00007ff98f62a000 	C:\WINDOWS\assembly\NativeImages_v4.0.30319_64\mscorlib\702ac456510c6f6cb7389de8df32ae7a\mscorlib.ni.dll
0x00007ff98def0000 - 0x00007ff98e01b000 	C:\Windows\Microsoft.NET\Framework64\v4.0.30319\clrjit.dll
0x00007ff982240000 - 0x00007ff982e7f000 	C:\WINDOWS\assembly\NativeImages_v4.0.30319_64\System\e7b63b6b792b262c81a8eec015c3e0ac\System.ni.dll
0x00007ff9807d0000 - 0x00007ff980b03000 	C:\WINDOWS\assembly\NativeImages_v4.0.30319_64\System.Runteb92aa12#\16f50642006d6078eb8771dc7ef26d6d\System.Runtime.Serialization.ni.dll
0x00007ff971740000 - 0x00007ff971fcc000 	C:\WINDOWS\assembly\NativeImages_v4.0.30319_64\System.Xml\cfddfd74dc3f71baae94415fb5c58491\System.Xml.ni.dll
0x00007ff97f890000 - 0x00007ff9802e0000 	C:\WINDOWS\assembly\NativeImages_v4.0.30319_64\System.Core\afd0a55227c285cad30d3e86d959db47\System.Core.ni.dll
0x00007ff99b680000 - 0x00007ff99b7aa000 	C:\WINDOWS\assembly\NativeImages_v4.0.30319_64\System.Configuration\a8263d1ee784438a6f7c3daac021df95\System.Configuration.ni.dll
0x00007ff97e880000 - 0x00007ff97ec58000 	C:\Program Files (x86)\National Instruments\Shared\License Manager\NationalInstruments.LicenseManagement.Core64.dll
0x00007ff9a9d80000 - 0x00007ff9a9f62000 	C:\WINDOWS\System32\CRYPT32.dll
0x00007ff9a8fd0000 - 0x00007ff9a8fe2000 	C:\WINDOWS\System32\MSASN1.dll
0x00000000593e0000 - 0x00000000594b2000 	C:\WINDOWS\SYSTEM32\MSVCR100.dll
0x00007ff99d040000 - 0x00007ff99d057000 	C:\WINDOWS\SYSTEM32\NETAPI32.dll
0x00007ff9a9f70000 - 0x00007ff9a9fc7000 	C:\WINDOWS\System32\WINTRUST.dll
0x0000000059340000 - 0x00000000593d8000 	C:\WINDOWS\SYSTEM32\MSVCP100.dll
0x00007ff9a8550000 - 0x00007ff9a860e000 	C:\WINDOWS\SYSTEM32\DNSAPI.dll
0x00007ff9abe20000 - 0x00007ff9abe28000 	C:\WINDOWS\System32\NSI.dll
0x00007ff9a4120000 - 0x00007ff9a4136000 	C:\WINDOWS\SYSTEM32\dhcpcsvc6.DLL
0x00007ff9a4100000 - 0x00007ff9a411a000 	C:\WINDOWS\SYSTEM32\dhcpcsvc.DLL
0x00007ff9a4160000 - 0x00007ff9a416b000 	C:\WINDOWS\SYSTEM32\WINNSI.DLL
0x00007ff994610000 - 0x00007ff99476e000 	C:\WINDOWS\assembly\NativeImages_v4.0.30319_64\System.Management\7376f8ec7e9b03075975879cdcab7c51\System.Management.ni.dll
0x00007ff99c8d0000 - 0x00007ff99c8f6000 	C:\WINDOWS\system32\wbem\wmiutils.dll
0x00007ff99f170000 - 0x00007ff99f1f3000 	C:\WINDOWS\SYSTEM32\wbemcomn.dll
0x00007ff99ddb0000 - 0x00007ff99ddc1000 	C:\WINDOWS\system32\wbem\wbemprox.dll
0x00007ff983870000 - 0x00007ff98389e000 	C:\Windows\Microsoft.NET\Framework64\v4.0.30319\wminet_utils.dll
0x00007ff99cc20000 - 0x00007ff99cc34000 	C:\WINDOWS\system32\wbem\wbemsvc.dll
0x00007ff99cb00000 - 0x00007ff99cbf2000 	C:\WINDOWS\system32\wbem\fastprox.dll
0x00007ff99fee0000 - 0x00007ff99ff58000 	C:\WINDOWS\assembly\NativeImages_v4.0.30319_64\System.Xml.Linq\17ae4badb5a23db71b7f03a87da2c890\System.Xml.Linq.ni.dll
0x00007ff9805e0000 - 0x00007ff9807c8000 	C:\WINDOWS\assembly\NativeImages_v4.0.30319_64\System.Drawing\c99b30a8adcc2e330c85a88e63eda3c2\System.Drawing.ni.dll
0x00007ff9a72c0000 - 0x00007ff9a746e000 	C:\WINDOWS\SYSTEM32\WindowsCodecs.dll
0x0000026668b70000 - 0x0000026668b73000 	C:\WINDOWS\SYSTEM32\icmp.Dll
0x00007ff99d3f0000 - 0x00007ff99d406000 	C:\WINDOWS\system32\napinsp.dll
0x00007ff994ba0000 - 0x00007ff994bba000 	C:\WINDOWS\system32\pnrpnsp.dll
0x00007ff9a4890000 - 0x00007ff9a48a9000 	C:\WINDOWS\system32\NLAapi.dll
0x00007ff9a8790000 - 0x00007ff9a87f6000 	C:\WINDOWS\System32\mswsock.dll
0x00007ff99d160000 - 0x00007ff99d16e000 	C:\WINDOWS\System32\winrnr.dll
0x00000000597e0000 - 0x00000000597ea000 	C:\Program Files\National Instruments\Shared\mDNS Responder\nimdnsNSP.dll
0x00000000597d0000 - 0x00000000597e0000 	C:\WINDOWS\SYSTEM32\nimdnsResponder.dll
0x00007ff9a4c40000 - 0x00007ff9a4c4d000 	C:\Program Files (x86)\National Instruments\Shared\License Manager\Slcp\Win64\nislcplib.dll
0x00007ff980340000 - 0x00007ff9805d4000 	C:\Program Files\National Instruments\Shared\SLCP\nislcpcore.dll
0x00007ff99f4c0000 - 0x00007ff99f8a4000 	C:\WINDOWS\SYSTEM32\msi.dll
0x00007ff993210000 - 0x00007ff99367f000 	C:\WINDOWS\SYSTEM32\WININET.dll
0x00007ff98dcf0000 - 0x00007ff98dde3000 	C:\WINDOWS\assembly\NativeImages_v4.0.30319_64\System.Security\313f281fb3d4ee3efe5492530532fc2a\System.Security.ni.dll
0x00007ff9a83b0000 - 0x00007ff9a83ba000 	C:\WINDOWS\System32\DPAPI.dll
0x00007ff96e390000 - 0x00007ff96e879000 	C:\WINDOWS\assembly\NativeImages_v4.0.30319_64\WindowsBase\ab61410293dde7ee843b4b85d1d50c88\WindowsBase.ni.dll
0x00007ff96c500000 - 0x00007ff96d4c1000 	C:\WINDOWS\assembly\NativeImages_v4.0.30319_64\System.Web\f72dc6d544db136bbea132586bde5473\System.Web.ni.dll
0x00007ff97edc0000 - 0x00007ff97f148000 	C:\WINDOWS\assembly\NativeImages_v4.0.30319_64\System.Web.28b9ef5a#\b38eca1dc178cdcec0126a53178d1bf1\System.Web.Extensions.ni.dll
0x00007ff99bd10000 - 0x00007ff99bdb2000 	C:\Windows\Microsoft.NET\Framework64\v4.0.30319\webengine4.dll
0x00007ff9ac320000 - 0x00007ff9ac328000 	C:\WINDOWS\System32\PSAPI.DLL
0x00007ff9a8e70000 - 0x00007ff9a8e98000 	C:\WINDOWS\SYSTEM32\USERENV.dll
0x00007ff96ed00000 - 0x00007ff96f132000 	C:\WINDOWS\assembly\NativeImages_v4.0.30319_64\NationalIns1a78f6a9#\f51444f079e3be13307d76a7f2fc59b5\NationalInstruments.LicenseManagement.UI.ni.dll
0x00007ff99edf0000 - 0x00007ff99efb8000 	C:\WINDOWS\SYSTEM32\urlmon.dll
0x00007ff99df00000 - 0x00007ff99e1a5000 	C:\WINDOWS\SYSTEM32\iertutil.dll
0x00007ff9a2840000 - 0x00007ff9a28b2000 	C:\WINDOWS\System32\fwpuclnt.dll
0x00007ff9a2e80000 - 0x00007ff9a2e8a000 	C:\Windows\System32\rasadhlp.dll
0x00007ff99fec0000 - 0x00007ff99fed2000 	C:\Program Files\National Instruments\LabVIEW 2018\resource\QtManager452_2018.dll
0x0000000059a80000 - 0x0000000059d34000 	C:\Program Files\National Instruments\LabVIEW 2018\resource\NIQtCore_2018.dll
0x00000000589c0000 - 0x0000000059307000 	C:\Program Files\National Instruments\LabVIEW 2018\resource\NIQtGui_2018.dll
0x0000000028000000 - 0x0000000028049000 	C:\PROGRA~1\NATION~1\Shared\nicont.dll
0x00007ff9aca00000 - 0x00007ff9aca73000 	C:\WINDOWS\System32\coml2.dll
0x00007ff99a3c0000 - 0x00007ff99a457000 	C:\WINDOWS\SYSTEM32\TextInputFramework.dll
0x00007ff99a460000 - 0x00007ff99a77e000 	C:\WINDOWS\SYSTEM32\CoreUIComponents.dll
0x00007ff9a69d0000 - 0x00007ff9a6aaa000 	C:\WINDOWS\SYSTEM32\CoreMessaging.dll
0x00007ff9a8060000 - 0x00007ff9a8091000 	C:\WINDOWS\SYSTEM32\ntmarta.dll
0x00007ff9a2130000 - 0x00007ff9a227d000 	C:\WINDOWS\SYSTEM32\wintypes.dll
0x00007ff98c890000 - 0x00007ff98c8fb000 	C:\WINDOWS\system32\Oleacc.dll
0x00007ff99b4e0000 - 0x00007ff99b5ba000 	C:\Program Files\National Instruments\LabVIEW 2018\resource\nitaglv.dll
0x00007ff99ec20000 - 0x00007ff99ec6e000 	C:\WINDOWS\SYSTEM32\LKDYNAM.dll

VM Arguments:
jvm_args: -Djava.library.path=C:\Program Files\Ocean Optics\OmniDriver\OOI_HOME -Xmx80m 
java_command: <unknown>
java_class_path (initial): C:\Program Files\Ocean Optics\OmniDriver\OOI_HOME/OmniDriver.jar;C:\Program Files\Ocean Optics\OmniDriver\OOI_HOME/SPAM.jar
Launcher Type: generic

Environment Variables:
PATH=C:\Program Files\Ocean Optics\OmniDriver\OOI_HOME;C:\WINDOWS\system32;C:\WINDOWS;C:\WINDOWS\System32\Wbem;C:\WINDOWS\System32\WindowsPowerShell\v1.0\;C:\WINDOWS\System32\OpenSSH\;C:\Program Files (x86)\IVI Foundation\VISA\WinNT\Bin\;C:\Program Files\IVI Foundation\VISA\Win64\Bin\;C:\Program Files (x86)\IVI Foundation\VISA\WinNT\Bin;C:\VISA\WinNTBin;C:\Program Files (x86)\National Instruments\Shared\LabVIEW CLI;C:\Users\astrolab\AppData\Local\Microsoft\WindowsApps;;C:\Program Files\National Instruments\LabVIEW 2018\resource;C:\Program Files\Ocean Optics\OmniDriver\OOI_HOME\..\_jvm\bin;C:\Program Files\Ocean Optics\OmniDriver\OOI_HOME\..\_jvm\bin\client;C:\Program Files\Ocean Optics\OmniDriver\OOI_HOME\..\_jvm\bin\server
USERNAME=astrolab
OS=Windows_NT
PROCESSOR_IDENTIFIER=Intel64 Family 6 Model 158 Stepping 9, GenuineIntel



---------------  S Y S T E M  ---------------

OS: Windows NT 10.0 , 64 bit Build 17134 

CPU:total 4 (4 cores per cpu, 1 threads per core) family 6 model 158 stepping 9, cmov, cx8, fxsr, mmx, sse, sse2, sse3, ssse3, sse4.1, sse4.2, popcnt, avx, avx2, aes, clmul, erms, rtm, lzcnt, tsc, tscinvbit, bmi1, bmi2

Memory: 4k page, physical 16694028k(13838320k free), swap 19184396k(16256940k free)

vm_info: Java HotSpot(TM) 64-Bit Server VM (25.31-b07) for windows-amd64 JRE (1.8.0_31-b13), built on Dec 17 2014 21:00:28 by "java_re" with MS VC++ 10.0 (VS2010)

time: Mon Oct 15 16:53:41 2018
elapsed time: 77 seconds (0d 0h 1m 17s)

